  main.cpp
E:\Year_2\Semester_2_0_8\CTDL_GT\ThuVien\ThuVien\graphics.h(281,5): warning C4273: 'getch': inconsistent dll linkage
  (compiling source file 'main.cpp')
  C:\Program Files (x86)\Windows Kits\10\Include\10.0.22621.0\ucrt\conio.h(444,30):
  see previous definition of 'getch'
  
E:\Year_2\Semester_2_0_8\CTDL_GT\ThuVien\ThuVien\graphics.h(282,5): warning C4273: 'kbhit': inconsistent dll linkage
  (compiling source file 'main.cpp')
  C:\Program Files (x86)\Windows Kits\10\Include\10.0.22621.0\ucrt\conio.h(450,30):
  see previous definition of 'kbhit'
  
E:\Year_2\Semester_2_0_8\CTDL_GT\ThuVien\ThuVien\ham.h(41,12): warning C4244: 'argument': conversion from 'time_t' to 'unsigned int', possible loss of data
  (compiling source file 'main.cpp')
  
E:\Year_2\Semester_2_0_8\CTDL_GT\ThuVien\ThuVien\cautrucmuontra.h(337,20): warning C4018: '<': signed/unsigned mismatch
  (compiling source file 'main.cpp')
  
E:\Year_2\Semester_2_0_8\CTDL_GT\ThuVien\ThuVien\muontra.h(16,1): warning C4102: 'begin': unreferenced label
  (compiling source file 'main.cpp')
  
graphics.lib(text.obj) : error LNK2038: mismatch detected for '_ITERATOR_DEBUG_LEVEL': value '2' doesn't match value '0' in main.obj
graphics.lib(text.obj) : error LNK2038: mismatch detected for 'RuntimeLibrary': value 'MDd_DynamicDebug' doesn't match value 'MD_DynamicRelease' in main.obj
graphics.lib(text.obj) : warning LNK4075: ignoring '/EDITANDCONTINUE' due to '/OPT:ICF' specification
graphics.lib(misc.obj) : error LNK2038: mismatch detected for '_ITERATOR_DEBUG_LEVEL': value '2' doesn't match value '0' in main.obj
graphics.lib(misc.obj) : error LNK2038: mismatch detected for 'RuntimeLibrary': value 'MDd_DynamicDebug' doesn't match value 'MD_DynamicRelease' in main.obj
graphics.lib(drawing.obj) : error LNK2038: mismatch detected for '_ITERATOR_DEBUG_LEVEL': value '2' doesn't match value '0' in main.obj
graphics.lib(drawing.obj) : error LNK2038: mismatch detected for 'RuntimeLibrary': value 'MDd_DynamicDebug' doesn't match value 'MD_DynamicRelease' in main.obj
graphics.lib(mouse.obj) : error LNK2038: mismatch detected for '_ITERATOR_DEBUG_LEVEL': value '2' doesn't match value '0' in main.obj
graphics.lib(mouse.obj) : error LNK2038: mismatch detected for 'RuntimeLibrary': value 'MDd_DynamicDebug' doesn't match value 'MD_DynamicRelease' in main.obj
graphics.lib(winbgi.obj) : error LNK2038: mismatch detected for '_ITERATOR_DEBUG_LEVEL': value '2' doesn't match value '0' in main.obj
graphics.lib(winbgi.obj) : error LNK2038: mismatch detected for 'RuntimeLibrary': value 'MDd_DynamicDebug' doesn't match value 'MD_DynamicRelease' in main.obj
graphics.lib(file.obj) : error LNK2038: mismatch detected for '_ITERATOR_DEBUG_LEVEL': value '2' doesn't match value '0' in main.obj
graphics.lib(file.obj) : error LNK2038: mismatch detected for 'RuntimeLibrary': value 'MDd_DynamicDebug' doesn't match value 'MD_DynamicRelease' in main.obj
graphics.lib(winthread.obj) : error LNK2038: mismatch detected for '_ITERATOR_DEBUG_LEVEL': value '2' doesn't match value '0' in main.obj
graphics.lib(winthread.obj) : error LNK2038: mismatch detected for 'RuntimeLibrary': value 'MDd_DynamicDebug' doesn't match value 'MD_DynamicRelease' in main.obj
LINK : warning LNK4098: defaultlib 'MSVCRTD' conflicts with use of other libs; use /NODEFAULTLIB:library
graphics.lib(winthread.obj) : error LNK2001: unresolved external symbol __imp___invalid_parameter
graphics.lib(text.obj) : error LNK2001: unresolved external symbol __imp___invalid_parameter
graphics.lib(drawing.obj) : error LNK2001: unresolved external symbol __imp___invalid_parameter
graphics.lib(mouse.obj) : error LNK2001: unresolved external symbol __imp___invalid_parameter
graphics.lib(winbgi.obj) : error LNK2001: unresolved external symbol __imp___invalid_parameter
graphics.lib(winthread.obj) : error LNK2001: unresolved external symbol __imp___CrtDbgReportW
graphics.lib(text.obj) : error LNK2001: unresolved external symbol __imp___CrtDbgReportW
graphics.lib(drawing.obj) : error LNK2001: unresolved external symbol __imp___CrtDbgReportW
graphics.lib(mouse.obj) : error LNK2001: unresolved external symbol __imp___CrtDbgReportW
graphics.lib(winbgi.obj) : error LNK2001: unresolved external symbol __imp___CrtDbgReportW
E:\Year_2\Semester_2_0_8\CTDL_GT\ThuVien\ThuVien\Release\ThuVien.exe : fatal error LNK1120: 2 unresolved externals
